push	Set up job	﻿2025-05-09T20:50:21.8744023Z Current runner version: '2.323.0'
push	Set up job	2025-05-09T20:50:21.8770540Z ##[group]Operating System
push	Set up job	2025-05-09T20:50:21.8771340Z Ubuntu
push	Set up job	2025-05-09T20:50:21.8771855Z 24.04.2
push	Set up job	2025-05-09T20:50:21.8772278Z LTS
push	Set up job	2025-05-09T20:50:21.8772912Z ##[endgroup]
push	Set up job	2025-05-09T20:50:21.8773392Z ##[group]Runner Image
push	Set up job	2025-05-09T20:50:21.8773984Z Image: ubuntu-24.04
push	Set up job	2025-05-09T20:50:21.8774585Z Version: 20250504.1.0
push	Set up job	2025-05-09T20:50:21.8775574Z Included Software: https://github.com/actions/runner-images/blob/ubuntu24/20250504.1/images/ubuntu/Ubuntu2404-Readme.md
push	Set up job	2025-05-09T20:50:21.8776928Z Image Release: https://github.com/actions/runner-images/releases/tag/ubuntu24%2F20250504.1
push	Set up job	2025-05-09T20:50:21.8777842Z ##[endgroup]
push	Set up job	2025-05-09T20:50:21.8778367Z ##[group]Runner Image Provisioner
push	Set up job	2025-05-09T20:50:21.8778943Z 2.0.422.1
push	Set up job	2025-05-09T20:50:21.8779662Z ##[endgroup]
push	Set up job	2025-05-09T20:50:21.8780644Z ##[group]GITHUB_TOKEN Permissions
push	Set up job	2025-05-09T20:50:21.8782755Z Contents: write
push	Set up job	2025-05-09T20:50:21.8783322Z Metadata: read
push	Set up job	2025-05-09T20:50:21.8783827Z ##[endgroup]
push	Set up job	2025-05-09T20:50:21.8786500Z Secret source: Actions
push	Set up job	2025-05-09T20:50:21.8787475Z Prepare workflow directory
push	Set up job	2025-05-09T20:50:21.9132718Z Prepare all required actions
push	Set up job	2025-05-09T20:50:21.9170977Z Getting action download info
push	Set up job	2025-05-09T20:50:22.4742949Z ##[group]Download immutable action package 'actions/checkout@v3'
push	Set up job	2025-05-09T20:50:22.4744442Z Version: 3.6.0
push	Set up job	2025-05-09T20:50:22.4745826Z Digest: sha256:942562b9c7d4b1f2557f1da21f4d3eb4eb4fd01f2ad78b2a6e187d1b193e0a0f
push	Set up job	2025-05-09T20:50:22.4747049Z Source commit SHA: f43a0e5ff2bd294095638e18286ca9a3d1956744
push	Set up job	2025-05-09T20:50:22.4747795Z ##[endgroup]
push	Set up job	2025-05-09T20:50:22.6305987Z Complete job name: push
push	체크아웃 코드	﻿2025-05-09T20:50:22.7050950Z ##[group]Run actions/checkout@v3
push	체크아웃 코드	2025-05-09T20:50:22.7051789Z with:
push	체크아웃 코드	2025-05-09T20:50:22.7052394Z   token: ***
push	체크아웃 코드	2025-05-09T20:50:22.7052803Z   persist-credentials: true
push	체크아웃 코드	2025-05-09T20:50:22.7053250Z   fetch-depth: 0
push	체크아웃 코드	2025-05-09T20:50:22.7053678Z   repository: scho2824/hongik-jiki
push	체크아웃 코드	2025-05-09T20:50:22.7054156Z   ssh-strict: true
push	체크아웃 코드	2025-05-09T20:50:22.7054560Z   clean: true
push	체크아웃 코드	2025-05-09T20:50:22.7054946Z   sparse-checkout-cone-mode: true
push	체크아웃 코드	2025-05-09T20:50:22.7055423Z   fetch-tags: false
push	체크아웃 코드	2025-05-09T20:50:22.7055817Z   lfs: false
push	체크아웃 코드	2025-05-09T20:50:22.7056178Z   submodules: false
push	체크아웃 코드	2025-05-09T20:50:22.7056581Z   set-safe-directory: true
push	체크아웃 코드	2025-05-09T20:50:22.7057196Z ##[endgroup]
push	체크아웃 코드	2025-05-09T20:50:22.8627242Z Syncing repository: scho2824/hongik-jiki
push	체크아웃 코드	2025-05-09T20:50:22.8629496Z ##[group]Getting Git version info
push	체크아웃 코드	2025-05-09T20:50:22.8630355Z Working directory is '/home/runner/work/hongik-jiki/hongik-jiki'
push	체크아웃 코드	2025-05-09T20:50:22.8631441Z [command]/usr/bin/git version
push	체크아웃 코드	2025-05-09T20:50:22.8676992Z git version 2.49.0
push	체크아웃 코드	2025-05-09T20:50:22.8705998Z ##[endgroup]
push	체크아웃 코드	2025-05-09T20:50:22.8722265Z Temporarily overriding HOME='/home/runner/work/_temp/71f2741f-b5a3-4290-8fbb-7ae4a0e8d0dc' before making global git config changes
push	체크아웃 코드	2025-05-09T20:50:22.8723984Z Adding repository directory to the temporary git global config as a safe directory
push	체크아웃 코드	2025-05-09T20:50:22.8725639Z [command]/usr/bin/git config --global --add safe.directory /home/runner/work/hongik-jiki/hongik-jiki
push	체크아웃 코드	2025-05-09T20:50:22.8756950Z Deleting the contents of '/home/runner/work/hongik-jiki/hongik-jiki'
push	체크아웃 코드	2025-05-09T20:50:22.8760604Z ##[group]Initializing the repository
push	체크아웃 코드	2025-05-09T20:50:22.8763748Z [command]/usr/bin/git init /home/runner/work/hongik-jiki/hongik-jiki
push	체크아웃 코드	2025-05-09T20:50:22.8836450Z hint: Using 'master' as the name for the initial branch. This default branch name
push	체크아웃 코드	2025-05-09T20:50:22.8837943Z hint: is subject to change. To configure the initial branch name to use in all
push	체크아웃 코드	2025-05-09T20:50:22.8840136Z hint: of your new repositories, which will suppress this warning, call:
push	체크아웃 코드	2025-05-09T20:50:22.8841760Z hint:
push	체크아웃 코드	2025-05-09T20:50:22.8842832Z hint: 	git config --global init.defaultBranch <name>
push	체크아웃 코드	2025-05-09T20:50:22.8844170Z hint:
push	체크아웃 코드	2025-05-09T20:50:22.8844933Z hint: Names commonly chosen instead of 'master' are 'main', 'trunk' and
push	체크아웃 코드	2025-05-09T20:50:22.8846114Z hint: 'development'. The just-created branch can be renamed via this command:
push	체크아웃 코드	2025-05-09T20:50:22.8847281Z hint:
push	체크아웃 코드	2025-05-09T20:50:22.8847756Z hint: 	git branch -m <name>
push	체크아웃 코드	2025-05-09T20:50:22.8849357Z Initialized empty Git repository in /home/runner/work/hongik-jiki/hongik-jiki/.git/
push	체크아웃 코드	2025-05-09T20:50:22.8852529Z [command]/usr/bin/git remote add origin https://github.com/scho2824/hongik-jiki
push	체크아웃 코드	2025-05-09T20:50:22.8881373Z ##[endgroup]
push	체크아웃 코드	2025-05-09T20:50:22.8882104Z ##[group]Disabling automatic garbage collection
push	체크아웃 코드	2025-05-09T20:50:22.8884266Z [command]/usr/bin/git config --local gc.auto 0
push	체크아웃 코드	2025-05-09T20:50:22.8910129Z ##[endgroup]
push	체크아웃 코드	2025-05-09T20:50:22.8910827Z ##[group]Setting up auth
push	체크아웃 코드	2025-05-09T20:50:22.8915425Z [command]/usr/bin/git config --local --name-only --get-regexp core\.sshCommand
push	체크아웃 코드	2025-05-09T20:50:22.8941744Z [command]/usr/bin/git submodule foreach --recursive sh -c "git config --local --name-only --get-regexp 'core\.sshCommand' && git config --local --unset-all 'core.sshCommand' || :"
push	체크아웃 코드	2025-05-09T20:50:22.9219016Z [command]/usr/bin/git config --local --name-only --get-regexp http\.https\:\/\/github\.com\/\.extraheader
push	체크아웃 코드	2025-05-09T20:50:22.9247140Z [command]/usr/bin/git submodule foreach --recursive sh -c "git config --local --name-only --get-regexp 'http\.https\:\/\/github\.com\/\.extraheader' && git config --local --unset-all 'http.https://github.com/.extraheader' || :"
push	체크아웃 코드	2025-05-09T20:50:22.9479009Z [command]/usr/bin/git config --local http.https://github.com/.extraheader AUTHORIZATION: basic ***
push	체크아웃 코드	2025-05-09T20:50:22.9513229Z ##[endgroup]
push	체크아웃 코드	2025-05-09T20:50:22.9514434Z ##[group]Fetching the repository
push	체크아웃 코드	2025-05-09T20:50:22.9523002Z [command]/usr/bin/git -c protocol.version=2 fetch --prune --progress --no-recurse-submodules origin +refs/heads/*:refs/remotes/origin/* +refs/tags/*:refs/tags/*
push	체크아웃 코드	2025-05-09T20:50:23.4926776Z remote: Enumerating objects: 12381, done.        
push	체크아웃 코드	2025-05-09T20:50:23.4927688Z remote: Counting objects:   0% (1/9945)        
push	체크아웃 코드	2025-05-09T20:50:23.4928422Z remote: Counting objects:   1% (100/9945)        
push	체크아웃 코드	2025-05-09T20:50:23.4929396Z remote: Counting objects:   2% (199/9945)        
push	체크아웃 코드	2025-05-09T20:50:23.4930200Z remote: Counting objects:   3% (299/9945)        
push	체크아웃 코드	2025-05-09T20:50:23.4930902Z remote: Counting objects:   4% (398/9945)        
push	체크아웃 코드	2025-05-09T20:50:23.4931953Z remote: Counting objects:   5% (498/9945)        
push	체크아웃 코드	2025-05-09T20:50:23.4932843Z remote: Counting objects:   6% (597/9945)        
push	체크아웃 코드	2025-05-09T20:50:23.4933778Z remote: Counting objects:   7% (697/9945)        
push	체크아웃 코드	2025-05-09T20:50:23.4934476Z remote: Counting objects:   8% (796/9945)        
push	체크아웃 코드	2025-05-09T20:50:23.4935175Z remote: Counting objects:   9% (896/9945)        
push	체크아웃 코드	2025-05-09T20:50:23.4935875Z remote: Counting objects:  10% (995/9945)        
push	체크아웃 코드	2025-05-09T20:50:23.4936619Z remote: Counting objects:  11% (1094/9945)        
push	체크아웃 코드	2025-05-09T20:50:23.4937338Z remote: Counting objects:  12% (1194/9945)        
push	체크아웃 코드	2025-05-09T20:50:23.4938032Z remote: Counting objects:  13% (1293/9945)        
push	체크아웃 코드	2025-05-09T20:50:23.4938728Z remote: Counting objects:  14% (1393/9945)        
push	체크아웃 코드	2025-05-09T20:50:23.4939619Z remote: Counting objects:  15% (1492/9945)        
push	체크아웃 코드	2025-05-09T20:50:23.4940318Z remote: Counting objects:  16% (1592/9945)        
push	체크아웃 코드	2025-05-09T20:50:23.4941187Z remote: Counting objects:  17% (1691/9945)        
push	체크아웃 코드	2025-05-09T20:50:23.4942287Z remote: Counting objects:  18% (1791/9945)        
push	체크아웃 코드	2025-05-09T20:50:23.4943366Z remote: Counting objects:  19% (1890/9945)        
push	체크아웃 코드	2025-05-09T20:50:23.4944470Z remote: Counting objects:  20% (1989/9945)        
push	체크아웃 코드	2025-05-09T20:50:23.4945117Z remote: Counting objects:  21% (2089/9945)        
push	체크아웃 코드	2025-05-09T20:50:23.4945691Z remote: Counting objects:  22% (2188/9945)        
push	체크아웃 코드	2025-05-09T20:50:23.4946273Z remote: Counting objects:  23% (2288/9945)        
push	체크아웃 코드	2025-05-09T20:50:23.4946866Z remote: Counting objects:  24% (2387/9945)        
push	체크아웃 코드	2025-05-09T20:50:23.4947665Z remote: Counting objects:  25% (2487/9945)        
push	체크아웃 코드	2025-05-09T20:50:23.4948637Z remote: Counting objects:  26% (2586/9945)        
push	체크아웃 코드	2025-05-09T20:50:23.4949750Z remote: Counting objects:  27% (2686/9945)        
push	체크아웃 코드	2025-05-09T20:50:23.4950513Z remote: Counting objects:  28% (2785/9945)        
push	체크아웃 코드	2025-05-09T20:50:23.4951435Z remote: Counting objects:  29% (2885/9945)        
push	체크아웃 코드	2025-05-09T20:50:23.4952025Z remote: Counting objects:  30% (2984/9945)        
push	체크아웃 코드	2025-05-09T20:50:23.4952625Z remote: Counting objects:  31% (3083/9945)        
push	체크아웃 코드	2025-05-09T20:50:23.4953200Z remote: Counting objects:  32% (3183/9945)        
push	체크아웃 코드	2025-05-09T20:50:23.4953783Z remote: Counting objects:  33% (3282/9945)        
push	체크아웃 코드	2025-05-09T20:50:23.4954352Z remote: Counting objects:  34% (3382/9945)        
push	체크아웃 코드	2025-05-09T20:50:23.4954929Z remote: Counting objects:  35% (3481/9945)        
push	체크아웃 코드	2025-05-09T20:50:23.4955497Z remote: Counting objects:  36% (3581/9945)        
push	체크아웃 코드	2025-05-09T20:50:23.4956080Z remote: Counting objects:  37% (3680/9945)        
push	체크아웃 코드	2025-05-09T20:50:23.4956744Z remote: Counting objects:  38% (3780/9945)        
push	체크아웃 코드	2025-05-09T20:50:23.4957320Z remote: Counting objects:  39% (3879/9945)        
push	체크아웃 코드	2025-05-09T20:50:23.4957902Z remote: Counting objects:  40% (3978/9945)        
push	체크아웃 코드	2025-05-09T20:50:23.4958485Z remote: Counting objects:  41% (4078/9945)        
push	체크아웃 코드	2025-05-09T20:50:23.4959298Z remote: Counting objects:  42% (4177/9945)        
push	체크아웃 코드	2025-05-09T20:50:23.4959897Z remote: Counting objects:  43% (4277/9945)        
push	체크아웃 코드	2025-05-09T20:50:23.4960482Z remote: Counting objects:  44% (4376/9945)        
push	체크아웃 코드	2025-05-09T20:50:23.4961066Z remote: Counting objects:  45% (4476/9945)        
push	체크아웃 코드	2025-05-09T20:50:23.4961647Z remote: Counting objects:  46% (4575/9945)        
push	체크아웃 코드	2025-05-09T20:50:23.4962272Z remote: Counting objects:  47% (4675/9945)        
push	체크아웃 코드	2025-05-09T20:50:23.4962855Z remote: Counting objects:  48% (4774/9945)        
push	체크아웃 코드	2025-05-09T20:50:23.4963440Z remote: Counting objects:  49% (4874/9945)        
push	체크아웃 코드	2025-05-09T20:50:23.4964186Z remote: Counting objects:  50% (4973/9945)        
push	체크아웃 코드	2025-05-09T20:50:23.4964774Z remote: Counting objects:  51% (5072/9945)        
push	체크아웃 코드	2025-05-09T20:50:23.4965356Z remote: Counting objects:  52% (5172/9945)        
push	체크아웃 코드	2025-05-09T20:50:23.4965933Z remote: Counting objects:  53% (5271/9945)        
push	체크아웃 코드	2025-05-09T20:50:23.4966523Z remote: Counting objects:  54% (5371/9945)        
push	체크아웃 코드	2025-05-09T20:50:23.4967094Z remote: Counting objects:  55% (5470/9945)        
push	체크아웃 코드	2025-05-09T20:50:23.4967673Z remote: Counting objects:  56% (5570/9945)        
push	체크아웃 코드	2025-05-09T20:50:23.4968246Z remote: Counting objects:  57% (5669/9945)        
push	체크아웃 코드	2025-05-09T20:50:23.4968832Z remote: Counting objects:  58% (5769/9945)        
push	체크아웃 코드	2025-05-09T20:50:23.4969642Z remote: Counting objects:  59% (5868/9945)        
push	체크아웃 코드	2025-05-09T20:50:23.4970225Z remote: Counting objects:  60% (5967/9945)        
push	체크아웃 코드	2025-05-09T20:50:23.4970808Z remote: Counting objects:  61% (6067/9945)        
push	체크아웃 코드	2025-05-09T20:50:23.4971378Z remote: Counting objects:  62% (6166/9945)        
push	체크아웃 코드	2025-05-09T20:50:23.4971963Z remote: Counting objects:  63% (6266/9945)        
push	체크아웃 코드	2025-05-09T20:50:23.4972562Z remote: Counting objects:  64% (6365/9945)        
push	체크아웃 코드	2025-05-09T20:50:23.4973141Z remote: Counting objects:  65% (6465/9945)        
push	체크아웃 코드	2025-05-09T20:50:23.4973732Z remote: Counting objects:  66% (6564/9945)        
push	체크아웃 코드	2025-05-09T20:50:23.4974311Z remote: Counting objects:  67% (6664/9945)        
push	체크아웃 코드	2025-05-09T20:50:23.4974895Z remote: Counting objects:  68% (6763/9945)        
push	체크아웃 코드	2025-05-09T20:50:23.4975475Z remote: Counting objects:  69% (6863/9945)        
push	체크아웃 코드	2025-05-09T20:50:23.4976061Z remote: Counting objects:  70% (6962/9945)        
push	체크아웃 코드	2025-05-09T20:50:23.4976651Z remote: Counting objects:  71% (7061/9945)        
push	체크아웃 코드	2025-05-09T20:50:23.4977218Z remote: Counting objects:  72% (7161/9945)        
push	체크아웃 코드	2025-05-09T20:50:23.4977792Z remote: Counting objects:  73% (7260/9945)        
push	체크아웃 코드	2025-05-09T20:50:23.4978372Z remote: Counting objects:  74% (7360/9945)        
push	체크아웃 코드	2025-05-09T20:50:23.4978946Z remote: Counting objects:  75% (7459/9945)        
push	체크아웃 코드	2025-05-09T20:50:23.4979745Z remote: Counting objects:  76% (7559/9945)        
push	체크아웃 코드	2025-05-09T20:50:23.4980338Z remote: Counting objects:  77% (7658/9945)        
push	체크아웃 코드	2025-05-09T20:50:23.4980924Z remote: Counting objects:  78% (7758/9945)        
push	체크아웃 코드	2025-05-09T20:50:23.4981505Z remote: Counting objects:  79% (7857/9945)        
push	체크아웃 코드	2025-05-09T20:50:23.4982266Z remote: Counting objects:  80% (7956/9945)        
push	체크아웃 코드	2025-05-09T20:50:23.4982843Z remote: Counting objects:  81% (8056/9945)        
push	체크아웃 코드	2025-05-09T20:50:23.4983424Z remote: Counting objects:  82% (8155/9945)        
push	체크아웃 코드	2025-05-09T20:50:23.4983992Z remote: Counting objects:  83% (8255/9945)        
push	체크아웃 코드	2025-05-09T20:50:23.4984579Z remote: Counting objects:  84% (8354/9945)        
push	체크아웃 코드	2025-05-09T20:50:23.4985155Z remote: Counting objects:  85% (8454/9945)        
push	체크아웃 코드	2025-05-09T20:50:23.4985732Z remote: Counting objects:  86% (8553/9945)        
push	체크아웃 코드	2025-05-09T20:50:23.4986311Z remote: Counting objects:  87% (8653/9945)        
push	체크아웃 코드	2025-05-09T20:50:23.4986882Z remote: Counting objects:  88% (8752/9945)        
push	체크아웃 코드	2025-05-09T20:50:23.4987478Z remote: Counting objects:  89% (8852/9945)        
push	체크아웃 코드	2025-05-09T20:50:23.4988053Z remote: Counting objects:  90% (8951/9945)        
push	체크아웃 코드	2025-05-09T20:50:23.4988635Z remote: Counting objects:  91% (9050/9945)        
push	체크아웃 코드	2025-05-09T20:50:23.4989376Z remote: Counting objects:  92% (9150/9945)        
push	체크아웃 코드	2025-05-09T20:50:23.4989972Z remote: Counting objects:  93% (9249/9945)        
push	체크아웃 코드	2025-05-09T20:50:23.5574947Z remote: Counting objects:  94% (9349/9945)        
push	체크아웃 코드	2025-05-09T20:50:23.5576107Z remote: Counting objects:  95% (9448/9945)        
push	체크아웃 코드	2025-05-09T20:50:23.5576903Z remote: Counting objects:  96% (9548/9945)        
push	체크아웃 코드	2025-05-09T20:50:23.5577687Z remote: Counting objects:  97% (9647/9945)        
push	체크아웃 코드	2025-05-09T20:50:23.5578472Z remote: Counting objects:  98% (9747/9945)        
push	체크아웃 코드	2025-05-09T20:50:23.5579464Z remote: Counting objects:  99% (9846/9945)        
push	체크아웃 코드	2025-05-09T20:50:23.5580260Z remote: Counting objects: 100% (9945/9945)        
push	체크아웃 코드	2025-05-09T20:50:23.5581373Z remote: Counting objects: 100% (9945/9945), done.        
push	체크아웃 코드	2025-05-09T20:50:23.7830866Z remote: Compressing objects:   0% (1/8796)        
push	체크아웃 코드	2025-05-09T20:50:23.7833144Z remote: Compressing objects:   1% (88/8796)        
push	체크아웃 코드	2025-05-09T20:50:23.7834288Z remote: Compressing objects:   2% (176/8796)        
push	체크아웃 코드	2025-05-09T20:50:23.7835361Z remote: Compressing objects:   3% (264/8796)        
push	체크아웃 코드	2025-05-09T20:50:23.7836844Z remote: Compressing objects:   4% (352/8796)        
push	체크아웃 코드	2025-05-09T20:50:23.7837894Z remote: Compressing objects:   5% (440/8796)        
push	체크아웃 코드	2025-05-09T20:50:23.7838918Z remote: Compressing objects:   6% (528/8796)        
push	체크아웃 코드	2025-05-09T20:50:23.7840198Z remote: Compressing objects:   7% (616/8796)        
push	체크아웃 코드	2025-05-09T20:50:23.7841108Z remote: Compressing objects:   8% (704/8796)        
push	체크아웃 코드	2025-05-09T20:50:23.7841999Z remote: Compressing objects:   9% (792/8796)        
push	체크아웃 코드	2025-05-09T20:50:23.7842913Z remote: Compressing objects:  10% (880/8796)        
push	체크아웃 코드	2025-05-09T20:50:23.7843914Z remote: Compressing objects:  11% (968/8796)        
push	체크아웃 코드	2025-05-09T20:50:23.7844929Z remote: Compressing objects:  12% (1056/8796)        
push	체크아웃 코드	2025-05-09T20:50:23.7845941Z remote: Compressing objects:  13% (1144/8796)        
push	체크아웃 코드	2025-05-09T20:50:23.7846992Z remote: Compressing objects:  14% (1232/8796)        
push	체크아웃 코드	2025-05-09T20:50:23.7848144Z remote: Compressing objects:  15% (1320/8796)        
push	체크아웃 코드	2025-05-09T20:50:23.7849364Z remote: Compressing objects:  16% (1408/8796)        
push	체크아웃 코드	2025-05-09T20:50:23.7850486Z remote: Compressing objects:  17% (1496/8796)        
push	체크아웃 코드	2025-05-09T20:50:23.7851586Z remote: Compressing objects:  18% (1584/8796)        
push	체크아웃 코드	2025-05-09T20:50:23.7852757Z remote: Compressing objects:  19% (1672/8796)        
push	체크아웃 코드	2025-05-09T20:50:23.7853888Z remote: Compressing objects:  20% (1760/8796)        
push	체크아웃 코드	2025-05-09T20:50:23.7855050Z remote: Compressing objects:  21% (1848/8796)        
push	체크아웃 코드	2025-05-09T20:50:23.7856199Z remote: Compressing objects:  22% (1936/8796)        
push	체크아웃 코드	2025-05-09T20:50:23.7857342Z remote: Compressing objects:  23% (2024/8796)        
push	체크아웃 코드	2025-05-09T20:50:23.7858480Z remote: Compressing objects:  24% (2112/8796)        
push	체크아웃 코드	2025-05-09T20:50:23.7859733Z remote: Compressing objects:  25% (2199/8796)        
push	체크아웃 코드	2025-05-09T20:50:23.7860959Z remote: Compressing objects:  26% (2287/8796)        
push	체크아웃 코드	2025-05-09T20:50:23.7862246Z remote: Compressing objects:  27% (2375/8796)        
push	체크아웃 코드	2025-05-09T20:50:23.7863897Z remote: Compressing objects:  28% (2463/8796)        
push	체크아웃 코드	2025-05-09T20:50:23.7865366Z remote: Compressing objects:  29% (2551/8796)        
push	체크아웃 코드	2025-05-09T20:50:23.7866774Z remote: Compressing objects:  30% (2639/8796)        
push	체크아웃 코드	2025-05-09T20:50:23.7868161Z remote: Compressing objects:  31% (2727/8796)        
push	체크아웃 코드	2025-05-09T20:50:23.7869813Z remote: Compressing objects:  32% (2815/8796)        
push	체크아웃 코드	2025-05-09T20:50:23.7871213Z remote: Compressing objects:  33% (2903/8796)        
push	체크아웃 코드	2025-05-09T20:50:23.7872667Z remote: Compressing objects:  34% (2991/8796)        
push	체크아웃 코드	2025-05-09T20:50:23.7874170Z remote: Compressing objects:  35% (3079/8796)        
push	체크아웃 코드	2025-05-09T20:50:23.7875653Z remote: Compressing objects:  36% (3167/8796)        
push	체크아웃 코드	2025-05-09T20:50:23.7877147Z remote: Compressing objects:  37% (3255/8796)        
push	체크아웃 코드	2025-05-09T20:50:23.7878660Z remote: Compressing objects:  38% (3343/8796)        
push	체크아웃 코드	2025-05-09T20:50:23.7880310Z remote: Compressing objects:  39% (3431/8796)        
push	체크아웃 코드	2025-05-09T20:50:23.7881811Z remote: Compressing objects:  40% (3519/8796)        
push	체크아웃 코드	2025-05-09T20:50:23.7883269Z remote: Compressing objects:  41% (3607/8796)        
push	체크아웃 코드	2025-05-09T20:50:23.7884724Z remote: Compressing objects:  42% (3695/8796)        
push	체크아웃 코드	2025-05-09T20:50:23.7886180Z remote: Compressing objects:  43% (3783/8796)        
push	체크아웃 코드	2025-05-09T20:50:23.7887623Z remote: Compressing objects:  44% (3871/8796)        
push	체크아웃 코드	2025-05-09T20:50:23.7889170Z remote: Compressing objects:  45% (3959/8796)        
push	체크아웃 코드	2025-05-09T20:50:23.7890647Z remote: Compressing objects:  46% (4047/8796)        
push	체크아웃 코드	2025-05-09T20:50:23.7892097Z remote: Compressing objects:  47% (4135/8796)        
push	체크아웃 코드	2025-05-09T20:50:23.7893544Z remote: Compressing objects:  48% (4223/8796)        
push	체크아웃 코드	2025-05-09T20:50:23.7895199Z remote: Compressing objects:  49% (4311/8796)        
push	체크아웃 코드	2025-05-09T20:50:23.7896691Z remote: Compressing objects:  50% (4398/8796)        
push	체크아웃 코드	2025-05-09T20:50:23.7898191Z remote: Compressing objects:  51% (4486/8796)        
push	체크아웃 코드	2025-05-09T20:50:23.7899822Z remote: Compressing objects:  52% (4574/8796)        
push	체크아웃 코드	2025-05-09T20:50:23.7901298Z remote: Compressing objects:  53% (4662/8796)        
push	체크아웃 코드	2025-05-09T20:50:23.7902751Z remote: Compressing objects:  54% (4750/8796)        
push	체크아웃 코드	2025-05-09T20:50:23.7904204Z remote: Compressing objects:  55% (4838/8796)        
push	체크아웃 코드	2025-05-09T20:50:23.7905613Z remote: Compressing objects:  56% (4926/8796)        
push	체크아웃 코드	2025-05-09T20:50:23.7907018Z remote: Compressing objects:  57% (5014/8796)        
push	체크아웃 코드	2025-05-09T20:50:23.7908409Z remote: Compressing objects:  58% (5102/8796)        
push	체크아웃 코드	2025-05-09T20:50:23.7910095Z remote: Compressing objects:  59% (5190/8796)        
push	체크아웃 코드	2025-05-09T20:50:23.7911509Z remote: Compressing objects:  60% (5278/8796)        
push	체크아웃 코드	2025-05-09T20:50:23.7912916Z remote: Compressing objects:  61% (5366/8796)        
push	체크아웃 코드	2025-05-09T20:50:23.7914320Z remote: Compressing objects:  62% (5454/8796)        
push	체크아웃 코드	2025-05-09T20:50:23.7915724Z remote: Compressing objects:  63% (5542/8796)        
push	체크아웃 코드	2025-05-09T20:50:23.7917153Z remote: Compressing objects:  64% (5630/8796)        
push	체크아웃 코드	2025-05-09T20:50:23.7918697Z remote: Compressing objects:  65% (5718/8796)        
push	체크아웃 코드	2025-05-09T20:50:23.7920271Z remote: Compressing objects:  66% (5806/8796)        
push	체크아웃 코드	2025-05-09T20:50:23.7921683Z remote: Compressing objects:  67% (5894/8796)        
push	체크아웃 코드	2025-05-09T20:50:23.7923073Z remote: Compressing objects:  68% (5982/8796)        
push	체크아웃 코드	2025-05-09T20:50:23.7924456Z remote: Compressing objects:  69% (6070/8796)        
push	체크아웃 코드	2025-05-09T20:50:23.7925838Z remote: Compressing objects:  70% (6158/8796)        
push	체크아웃 코드	2025-05-09T20:50:23.7927224Z remote: Compressing objects:  71% (6246/8796)        
push	체크아웃 코드	2025-05-09T20:50:23.7928600Z remote: Compressing objects:  72% (6334/8796)        
push	체크아웃 코드	2025-05-09T20:50:23.7930121Z remote: Compressing objects:  73% (6422/8796)        
push	체크아웃 코드	2025-05-09T20:50:23.7931583Z remote: Compressing objects:  74% (6510/8796)        
push	체크아웃 코드	2025-05-09T20:50:23.7932982Z remote: Compressing objects:  75% (6597/8796)        
push	체크아웃 코드	2025-05-09T20:50:23.7934393Z remote: Compressing objects:  76% (6685/8796)        
push	체크아웃 코드	2025-05-09T20:50:23.7935965Z remote: Compressing objects:  77% (6773/8796)        
push	체크아웃 코드	2025-05-09T20:50:23.7937361Z remote: Compressing objects:  78% (6861/8796)        
push	체크아웃 코드	2025-05-09T20:50:23.7969695Z remote: Compressing objects:  79% (6949/8796)        
push	체크아웃 코드	2025-05-09T20:50:23.7971803Z remote: Compressing objects:  80% (7037/8796)        
push	체크아웃 코드	2025-05-09T20:50:23.7973590Z remote: Compressing objects:  81% (7125/8796)        
push	체크아웃 코드	2025-05-09T20:50:23.7975093Z remote: Compressing objects:  82% (7213/8796)        
push	체크아웃 코드	2025-05-09T20:50:23.7976470Z remote: Compressing objects:  83% (7301/8796)        
push	체크아웃 코드	2025-05-09T20:50:23.7978084Z remote: Compressing objects:  84% (7389/8796)        
push	체크아웃 코드	2025-05-09T20:50:23.7979677Z remote: Compressing objects:  85% (7477/8796)        
push	체크아웃 코드	2025-05-09T20:50:23.7981120Z remote: Compressing objects:  86% (7565/8796)        
push	체크아웃 코드	2025-05-09T20:50:23.7982481Z remote: Compressing objects:  87% (7653/8796)        
push	체크아웃 코드	2025-05-09T20:50:23.7983840Z remote: Compressing objects:  88% (7741/8796)        
push	체크아웃 코드	2025-05-09T20:50:23.7985206Z remote: Compressing objects:  89% (7829/8796)        
push	체크아웃 코드	2025-05-09T20:50:23.7986602Z remote: Compressing objects:  90% (7917/8796)        
push	체크아웃 코드	2025-05-09T20:50:23.7987966Z remote: Compressing objects:  91% (8005/8796)        
push	체크아웃 코드	2025-05-09T20:50:23.7989495Z remote: Compressing objects:  92% (8093/8796)        
push	체크아웃 코드	2025-05-09T20:50:23.7990884Z remote: Compressing objects:  93% (8181/8796)        
push	체크아웃 코드	2025-05-09T20:50:23.7992257Z remote: Compressing objects:  94% (8269/8796)        
push	체크아웃 코드	2025-05-09T20:50:23.7993632Z remote: Compressing objects:  95% (8357/8796)        
push	체크아웃 코드	2025-05-09T20:50:23.7995005Z remote: Compressing objects:  96% (8445/8796)        
push	체크아웃 코드	2025-05-09T20:50:23.7996400Z remote: Compressing objects:  97% (8533/8796)        
push	체크아웃 코드	2025-05-09T20:50:23.7998503Z remote: Compressing objects:  98% (8621/8796)        
push	체크아웃 코드	2025-05-09T20:50:23.8000133Z remote: Compressing objects:  99% (8709/8796)        
push	체크아웃 코드	2025-05-09T20:50:23.8001509Z remote: Compressing objects: 100% (8796/8796)        
push	체크아웃 코드	2025-05-09T20:50:23.8002980Z remote: Compressing objects: 100% (8796/8796), done.        
push	체크아웃 코드	2025-05-09T20:50:23.9253481Z Receiving objects:   0% (1/12381)
push	체크아웃 코드	2025-05-09T20:50:23.9288295Z Receiving objects:   1% (124/12381)
push	체크아웃 코드	2025-05-09T20:50:23.9322685Z Receiving objects:   2% (248/12381)
push	체크아웃 코드	2025-05-09T20:50:23.9362890Z Receiving objects:   3% (372/12381)
push	체크아웃 코드	2025-05-09T20:50:23.9406109Z Receiving objects:   4% (496/12381)
push	체크아웃 코드	2025-05-09T20:50:23.9437809Z Receiving objects:   5% (620/12381)
push	체크아웃 코드	2025-05-09T20:50:23.9488119Z Receiving objects:   6% (743/12381)
push	체크아웃 코드	2025-05-09T20:50:23.9517757Z Receiving objects:   7% (867/12381)
push	체크아웃 코드	2025-05-09T20:50:23.9551929Z Receiving objects:   8% (991/12381)
push	체크아웃 코드	2025-05-09T20:50:23.9583343Z Receiving objects:   9% (1115/12381)
push	체크아웃 코드	2025-05-09T20:50:23.9617176Z Receiving objects:  10% (1239/12381)
push	체크아웃 코드	2025-05-09T20:50:23.9656765Z Receiving objects:  11% (1362/12381)
push	체크아웃 코드	2025-05-09T20:50:23.9687350Z Receiving objects:  12% (1486/12381)
push	체크아웃 코드	2025-05-09T20:50:23.9726575Z Receiving objects:  13% (1610/12381)
push	체크아웃 코드	2025-05-09T20:50:23.9772266Z Receiving objects:  14% (1734/12381)
push	체크아웃 코드	2025-05-09T20:50:24.5777734Z Receiving objects:  15% (1858/12381)
push	체크아웃 코드	2025-05-09T20:50:24.6485205Z Receiving objects:  16% (1981/12381), 18.13 MiB | 36.24 MiB/s
push	체크아웃 코드	2025-05-09T20:50:24.6588380Z Receiving objects:  17% (2105/12381), 18.13 MiB | 36.24 MiB/s
push	체크아웃 코드	2025-05-09T20:50:24.7998249Z Receiving objects:  18% (2229/12381), 18.13 MiB | 36.24 MiB/s
push	체크아웃 코드	2025-05-09T20:50:25.2858322Z Receiving objects:  18% (2325/12381), 35.32 MiB | 35.32 MiB/s
push	체크아웃 코드	2025-05-09T20:50:25.2905336Z Receiving objects:  19% (2353/12381), 35.32 MiB | 35.32 MiB/s
push	체크아웃 코드	2025-05-09T20:50:25.4852287Z Receiving objects:  20% (2477/12381), 35.32 MiB | 35.32 MiB/s
push	체크아웃 코드	2025-05-09T20:50:25.4875787Z Receiving objects:  21% (2601/12381), 55.20 MiB | 36.80 MiB/s
push	체크아웃 코드	2025-05-09T20:50:25.4898229Z Receiving objects:  22% (2724/12381), 55.20 MiB | 36.80 MiB/s
push	체크아웃 코드	2025-05-09T20:50:25.4923175Z Receiving objects:  23% (2848/12381), 55.20 MiB | 36.80 MiB/s
push	체크아웃 코드	2025-05-09T20:50:25.4948205Z Receiving objects:  24% (2972/12381), 55.20 MiB | 36.80 MiB/s
push	체크아웃 코드	2025-05-09T20:50:25.4973822Z Receiving objects:  25% (3096/12381), 55.20 MiB | 36.80 MiB/s
push	체크아웃 코드	2025-05-09T20:50:25.4995864Z Receiving objects:  26% (3220/12381), 55.20 MiB | 36.80 MiB/s
push	체크아웃 코드	2025-05-09T20:50:25.5020825Z Receiving objects:  27% (3343/12381), 55.20 MiB | 36.80 MiB/s
push	체크아웃 코드	2025-05-09T20:50:25.5122280Z Receiving objects:  28% (3467/12381), 55.20 MiB | 36.80 MiB/s
push	체크아웃 코드	2025-05-09T20:50:25.5145357Z Receiving objects:  29% (3591/12381), 55.20 MiB | 36.80 MiB/s
push	체크아웃 코드	2025-05-09T20:50:25.5168044Z Receiving objects:  30% (3715/12381), 55.20 MiB | 36.80 MiB/s
push	체크아웃 코드	2025-05-09T20:50:25.5190201Z Receiving objects:  31% (3839/12381), 55.20 MiB | 36.80 MiB/s
push	체크아웃 코드	2025-05-09T20:50:25.5215440Z Receiving objects:  32% (3962/12381), 55.20 MiB | 36.80 MiB/s
push	체크아웃 코드	2025-05-09T20:50:25.5241002Z Receiving objects:  33% (4086/12381), 55.20 MiB | 36.80 MiB/s
push	체크아웃 코드	2025-05-09T20:50:25.5268585Z Receiving objects:  34% (4210/12381), 55.20 MiB | 36.80 MiB/s
push	체크아웃 코드	2025-05-09T20:50:25.5293898Z Receiving objects:  35% (4334/12381), 55.20 MiB | 36.80 MiB/s
push	체크아웃 코드	2025-05-09T20:50:25.5317328Z Receiving objects:  36% (4458/12381), 55.20 MiB | 36.80 MiB/s
push	체크아웃 코드	2025-05-09T20:50:25.5341682Z Receiving objects:  37% (4581/12381), 55.20 MiB | 36.80 MiB/s
push	체크아웃 코드	2025-05-09T20:50:25.5366013Z Receiving objects:  38% (4705/12381), 55.20 MiB | 36.80 MiB/s
push	체크아웃 코드	2025-05-09T20:50:25.5393856Z Receiving objects:  39% (4829/12381), 55.20 MiB | 36.80 MiB/s
push	체크아웃 코드	2025-05-09T20:50:25.5419001Z Receiving objects:  40% (4953/12381), 55.20 MiB | 36.80 MiB/s
push	체크아웃 코드	2025-05-09T20:50:25.5442896Z Receiving objects:  41% (5077/12381), 55.20 MiB | 36.80 MiB/s
push	체크아웃 코드	2025-05-09T20:50:25.5466023Z Receiving objects:  42% (5201/12381), 55.20 MiB | 36.80 MiB/s
push	체크아웃 코드	2025-05-09T20:50:25.5490663Z Receiving objects:  43% (5324/12381), 55.20 MiB | 36.80 MiB/s
push	체크아웃 코드	2025-05-09T20:50:25.5513878Z Receiving objects:  44% (5448/12381), 55.20 MiB | 36.80 MiB/s
push	체크아웃 코드	2025-05-09T20:50:25.5533156Z Receiving objects:  45% (5572/12381), 55.20 MiB | 36.80 MiB/s
push	체크아웃 코드	2025-05-09T20:50:25.5554282Z Receiving objects:  46% (5696/12381), 55.20 MiB | 36.80 MiB/s
push	체크아웃 코드	2025-05-09T20:50:25.5580116Z Receiving objects:  47% (5820/12381), 55.20 MiB | 36.80 MiB/s
push	체크아웃 코드	2025-05-09T20:50:25.5602420Z Receiving objects:  48% (5943/12381), 55.20 MiB | 36.80 MiB/s
push	체크아웃 코드	2025-05-09T20:50:25.5620902Z Receiving objects:  49% (6067/12381), 55.20 MiB | 36.80 MiB/s
push	체크아웃 코드	2025-05-09T20:50:25.5643340Z Receiving objects:  50% (6191/12381), 55.20 MiB | 36.80 MiB/s
push	체크아웃 코드	2025-05-09T20:50:25.5665724Z Receiving objects:  51% (6315/12381), 55.20 MiB | 36.80 MiB/s
push	체크아웃 코드	2025-05-09T20:50:25.5688332Z Receiving objects:  52% (6439/12381), 55.20 MiB | 36.80 MiB/s
push	체크아웃 코드	2025-05-09T20:50:25.5712174Z Receiving objects:  53% (6562/12381), 55.20 MiB | 36.80 MiB/s
push	체크아웃 코드	2025-05-09T20:50:25.5737262Z Receiving objects:  54% (6686/12381), 55.20 MiB | 36.80 MiB/s
push	체크아웃 코드	2025-05-09T20:50:25.5760160Z Receiving objects:  55% (6810/12381), 55.20 MiB | 36.80 MiB/s
push	체크아웃 코드	2025-05-09T20:50:25.5784021Z Receiving objects:  56% (6934/12381), 55.20 MiB | 36.80 MiB/s
push	체크아웃 코드	2025-05-09T20:50:25.5807594Z Receiving objects:  57% (7058/12381), 55.20 MiB | 36.80 MiB/s
push	체크아웃 코드	2025-05-09T20:50:25.5830513Z Receiving objects:  58% (7181/12381), 55.20 MiB | 36.80 MiB/s
push	체크아웃 코드	2025-05-09T20:50:25.5862605Z Receiving objects:  59% (7305/12381), 55.20 MiB | 36.80 MiB/s
push	체크아웃 코드	2025-05-09T20:50:25.5896155Z Receiving objects:  60% (7429/12381), 55.20 MiB | 36.80 MiB/s
push	체크아웃 코드	2025-05-09T20:50:25.5930101Z Receiving objects:  61% (7553/12381), 55.20 MiB | 36.80 MiB/s
push	체크아웃 코드	2025-05-09T20:50:25.5963807Z Receiving objects:  62% (7677/12381), 55.20 MiB | 36.80 MiB/s
push	체크아웃 코드	2025-05-09T20:50:25.5998649Z Receiving objects:  63% (7801/12381), 55.20 MiB | 36.80 MiB/s
push	체크아웃 코드	2025-05-09T20:50:25.6033202Z Receiving objects:  64% (7924/12381), 55.20 MiB | 36.80 MiB/s
push	체크아웃 코드	2025-05-09T20:50:25.6067687Z Receiving objects:  65% (8048/12381), 55.20 MiB | 36.80 MiB/s
push	체크아웃 코드	2025-05-09T20:50:25.6102766Z Receiving objects:  66% (8172/12381), 55.20 MiB | 36.80 MiB/s
push	체크아웃 코드	2025-05-09T20:50:25.6135604Z Receiving objects:  67% (8296/12381), 55.20 MiB | 36.80 MiB/s
push	체크아웃 코드	2025-05-09T20:50:25.6170083Z Receiving objects:  68% (8420/12381), 55.20 MiB | 36.80 MiB/s
push	체크아웃 코드	2025-05-09T20:50:25.6205238Z Receiving objects:  69% (8543/12381), 55.20 MiB | 36.80 MiB/s
push	체크아웃 코드	2025-05-09T20:50:25.6365571Z Receiving objects:  70% (8667/12381), 55.20 MiB | 36.80 MiB/s
push	체크아웃 코드	2025-05-09T20:50:25.6399557Z Receiving objects:  71% (8791/12381), 55.20 MiB | 36.80 MiB/s
push	체크아웃 코드	2025-05-09T20:50:25.6434250Z Receiving objects:  72% (8915/12381), 55.20 MiB | 36.80 MiB/s
push	체크아웃 코드	2025-05-09T20:50:25.6469013Z Receiving objects:  73% (9039/12381), 55.20 MiB | 36.80 MiB/s
push	체크아웃 코드	2025-05-09T20:50:25.6504581Z Receiving objects:  74% (9162/12381), 55.20 MiB | 36.80 MiB/s
push	체크아웃 코드	2025-05-09T20:50:25.6539017Z Receiving objects:  75% (9286/12381), 55.20 MiB | 36.80 MiB/s
push	체크아웃 코드	2025-05-09T20:50:25.6572067Z Receiving objects:  76% (9410/12381), 55.20 MiB | 36.80 MiB/s
push	체크아웃 코드	2025-05-09T20:50:25.6607583Z Receiving objects:  77% (9534/12381), 55.20 MiB | 36.80 MiB/s
push	체크아웃 코드	2025-05-09T20:50:25.6641100Z Receiving objects:  78% (9658/12381), 55.20 MiB | 36.80 MiB/s
push	체크아웃 코드	2025-05-09T20:50:25.6676721Z Receiving objects:  79% (9781/12381), 55.20 MiB | 36.80 MiB/s
push	체크아웃 코드	2025-05-09T20:50:25.6730611Z Receiving objects:  80% (9905/12381), 55.20 MiB | 36.80 MiB/s
push	체크아웃 코드	2025-05-09T20:50:25.6762953Z Receiving objects:  81% (10029/12381), 55.20 MiB | 36.80 MiB/s
push	체크아웃 코드	2025-05-09T20:50:25.6795848Z Receiving objects:  82% (10153/12381), 55.20 MiB | 36.80 MiB/s
push	체크아웃 코드	2025-05-09T20:50:25.6828887Z Receiving objects:  83% (10277/12381), 55.20 MiB | 36.80 MiB/s
push	체크아웃 코드	2025-05-09T20:50:25.6861070Z Receiving objects:  84% (10401/12381), 55.20 MiB | 36.80 MiB/s
push	체크아웃 코드	2025-05-09T20:50:25.6896050Z Receiving objects:  85% (10524/12381), 55.20 MiB | 36.80 MiB/s
push	체크아웃 코드	2025-05-09T20:50:25.6927813Z Receiving objects:  86% (10648/12381), 55.20 MiB | 36.80 MiB/s
push	체크아웃 코드	2025-05-09T20:50:25.6959693Z Receiving objects:  87% (10772/12381), 55.20 MiB | 36.80 MiB/s
push	체크아웃 코드	2025-05-09T20:50:25.6991142Z Receiving objects:  88% (10896/12381), 55.20 MiB | 36.80 MiB/s
push	체크아웃 코드	2025-05-09T20:50:25.7023590Z Receiving objects:  89% (11020/12381), 55.20 MiB | 36.80 MiB/s
push	체크아웃 코드	2025-05-09T20:50:25.7056438Z Receiving objects:  90% (11143/12381), 55.20 MiB | 36.80 MiB/s
push	체크아웃 코드	2025-05-09T20:50:25.7089882Z Receiving objects:  91% (11267/12381), 55.20 MiB | 36.80 MiB/s
push	체크아웃 코드	2025-05-09T20:50:25.7119268Z Receiving objects:  92% (11391/12381), 55.20 MiB | 36.80 MiB/s
push	체크아웃 코드	2025-05-09T20:50:25.7157535Z Receiving objects:  93% (11515/12381), 55.20 MiB | 36.80 MiB/s
push	체크아웃 코드	2025-05-09T20:50:25.7200887Z Receiving objects:  94% (11639/12381), 55.20 MiB | 36.80 MiB/s
push	체크아웃 코드	2025-05-09T20:50:25.7251215Z Receiving objects:  95% (11762/12381), 55.20 MiB | 36.80 MiB/s
push	체크아웃 코드	2025-05-09T20:50:25.7300225Z Receiving objects:  96% (11886/12381), 55.20 MiB | 36.80 MiB/s
push	체크아웃 코드	2025-05-09T20:50:25.7348486Z Receiving objects:  97% (12010/12381), 55.20 MiB | 36.80 MiB/s
push	체크아웃 코드	2025-05-09T20:50:25.7390984Z Receiving objects:  98% (12134/12381), 55.20 MiB | 36.80 MiB/s
push	체크아웃 코드	2025-05-09T20:50:25.7432407Z Receiving objects:  99% (12258/12381), 55.20 MiB | 36.80 MiB/s
push	체크아웃 코드	2025-05-09T20:50:25.7433516Z remote: Total 12381 (delta 1145), reused 9907 (delta 1131), pack-reused 2436 (from 3)        
push	체크아웃 코드	2025-05-09T20:50:25.7444804Z Receiving objects: 100% (12381/12381), 55.20 MiB | 36.80 MiB/s
push	체크아웃 코드	2025-05-09T20:50:25.7445903Z Receiving objects: 100% (12381/12381), 68.45 MiB | 35.21 MiB/s, done.
push	체크아웃 코드	2025-05-09T20:50:25.7581715Z Resolving deltas:   0% (0/1306)
push	체크아웃 코드	2025-05-09T20:50:25.7855896Z Resolving deltas:   1% (14/1306)
push	체크아웃 코드	2025-05-09T20:50:25.7907592Z Resolving deltas:   2% (27/1306)
push	체크아웃 코드	2025-05-09T20:50:25.7944096Z Resolving deltas:   3% (40/1306)
push	체크아웃 코드	2025-05-09T20:50:25.7948169Z Resolving deltas:   4% (53/1306)
push	체크아웃 코드	2025-05-09T20:50:25.7952129Z Resolving deltas:   5% (66/1306)
push	체크아웃 코드	2025-05-09T20:50:25.7953954Z Resolving deltas:   6% (79/1306)
push	체크아웃 코드	2025-05-09T20:50:25.7956308Z Resolving deltas:   7% (92/1306)
push	체크아웃 코드	2025-05-09T20:50:25.7957620Z Resolving deltas:   8% (105/1306)
push	체크아웃 코드	2025-05-09T20:50:25.7959918Z Resolving deltas:   9% (118/1306)
push	체크아웃 코드	2025-05-09T20:50:25.7962745Z Resolving deltas:  10% (131/1306)
push	체크아웃 코드	2025-05-09T20:50:25.7972022Z Resolving deltas:  11% (144/1306)
push	체크아웃 코드	2025-05-09T20:50:25.7977176Z Resolving deltas:  12% (157/1306)
push	체크아웃 코드	2025-05-09T20:50:25.7979511Z Resolving deltas:  13% (170/1306)
push	체크아웃 코드	2025-05-09T20:50:25.7990933Z Resolving deltas:  14% (183/1306)
push	체크아웃 코드	2025-05-09T20:50:25.8072895Z Resolving deltas:  15% (196/1306)
push	체크아웃 코드	2025-05-09T20:50:25.8126073Z Resolving deltas:  16% (209/1306)
push	체크아웃 코드	2025-05-09T20:50:25.8127576Z Resolving deltas:  17% (223/1306)
push	체크아웃 코드	2025-05-09T20:50:25.8143009Z Resolving deltas:  18% (236/1306)
push	체크아웃 코드	2025-05-09T20:50:25.8143556Z Resolving deltas:  19% (249/1306)
push	체크아웃 코드	2025-05-09T20:50:25.8143975Z Resolving deltas:  20% (262/1306)
push	체크아웃 코드	2025-05-09T20:50:25.8145014Z Resolving deltas:  21% (275/1306)
push	체크아웃 코드	2025-05-09T20:50:25.8145525Z Resolving deltas:  22% (288/1306)
push	체크아웃 코드	2025-05-09T20:50:25.8145910Z Resolving deltas:  23% (301/1306)
push	체크아웃 코드	2025-05-09T20:50:25.8153465Z Resolving deltas:  24% (314/1306)
push	체크아웃 코드	2025-05-09T20:50:25.8154454Z Resolving deltas:  25% (327/1306)
push	체크아웃 코드	2025-05-09T20:50:25.8154839Z Resolving deltas:  26% (340/1306)
push	체크아웃 코드	2025-05-09T20:50:25.8155211Z Resolving deltas:  27% (353/1306)
push	체크아웃 코드	2025-05-09T20:50:25.8155565Z Resolving deltas:  28% (366/1306)
push	체크아웃 코드	2025-05-09T20:50:25.8155932Z Resolving deltas:  29% (379/1306)
push	체크아웃 코드	2025-05-09T20:50:25.8156292Z Resolving deltas:  30% (392/1306)
push	체크아웃 코드	2025-05-09T20:50:25.8156636Z Resolving deltas:  31% (405/1306)
push	체크아웃 코드	2025-05-09T20:50:25.8156978Z Resolving deltas:  32% (418/1306)
push	체크아웃 코드	2025-05-09T20:50:25.8157315Z Resolving deltas:  33% (431/1306)
push	체크아웃 코드	2025-05-09T20:50:25.8157666Z Resolving deltas:  34% (445/1306)
push	체크아웃 코드	2025-05-09T20:50:25.8158011Z Resolving deltas:  35% (458/1306)
push	체크아웃 코드	2025-05-09T20:50:25.8158529Z Resolving deltas:  36% (471/1306)
push	체크아웃 코드	2025-05-09T20:50:25.8160055Z Resolving deltas:  37% (484/1306)
push	체크아웃 코드	2025-05-09T20:50:25.8160690Z Resolving deltas:  38% (497/1306)
push	체크아웃 코드	2025-05-09T20:50:25.8161972Z Resolving deltas:  39% (510/1306)
push	체크아웃 코드	2025-05-09T20:50:25.8162429Z Resolving deltas:  40% (523/1306)
push	체크아웃 코드	2025-05-09T20:50:25.8167799Z Resolving deltas:  41% (536/1306)
push	체크아웃 코드	2025-05-09T20:50:25.8168440Z Resolving deltas:  42% (549/1306)
push	체크아웃 코드	2025-05-09T20:50:25.8168871Z Resolving deltas:  43% (562/1306)
push	체크아웃 코드	2025-05-09T20:50:25.8169460Z Resolving deltas:  44% (575/1306)
push	체크아웃 코드	2025-05-09T20:50:25.8170169Z Resolving deltas:  45% (588/1306)
push	체크아웃 코드	2025-05-09T20:50:25.8170555Z Resolving deltas:  46% (601/1306)
push	체크아웃 코드	2025-05-09T20:50:25.8170944Z Resolving deltas:  47% (614/1306)
push	체크아웃 코드	2025-05-09T20:50:25.8171300Z Resolving deltas:  48% (627/1306)
push	체크아웃 코드	2025-05-09T20:50:25.8173223Z Resolving deltas:  49% (640/1306)
push	체크아웃 코드	2025-05-09T20:50:25.8174043Z Resolving deltas:  50% (653/1306)
push	체크아웃 코드	2025-05-09T20:50:25.8174724Z Resolving deltas:  51% (667/1306)
push	체크아웃 코드	2025-05-09T20:50:25.8175147Z Resolving deltas:  52% (680/1306)
push	체크아웃 코드	2025-05-09T20:50:25.8176881Z Resolving deltas:  53% (693/1306)
push	체크아웃 코드	2025-05-09T20:50:25.8177450Z Resolving deltas:  54% (706/1306)
push	체크아웃 코드	2025-05-09T20:50:25.8179325Z Resolving deltas:  55% (719/1306)
push	체크아웃 코드	2025-05-09T20:50:25.8181706Z Resolving deltas:  56% (732/1306)
push	체크아웃 코드	2025-05-09T20:50:25.8182130Z Resolving deltas:  57% (745/1306)
push	체크아웃 코드	2025-05-09T20:50:25.8183854Z Resolving deltas:  58% (759/1306)
push	체크아웃 코드	2025-05-09T20:50:25.8184540Z Resolving deltas:  59% (771/1306)
push	체크아웃 코드	2025-05-09T20:50:25.8185244Z Resolving deltas:  60% (784/1306)
push	체크아웃 코드	2025-05-09T20:50:25.8185834Z Resolving deltas:  61% (797/1306)
push	체크아웃 코드	2025-05-09T20:50:25.8188029Z Resolving deltas:  62% (810/1306)
push	체크아웃 코드	2025-05-09T20:50:25.8188611Z Resolving deltas:  63% (824/1306)
push	체크아웃 코드	2025-05-09T20:50:25.8191693Z Resolving deltas:  64% (836/1306)
push	체크아웃 코드	2025-05-09T20:50:25.8192256Z Resolving deltas:  65% (849/1306)
push	체크아웃 코드	2025-05-09T20:50:25.8192895Z Resolving deltas:  66% (862/1306)
push	체크아웃 코드	2025-05-09T20:50:25.8193537Z Resolving deltas:  67% (876/1306)
push	체크아웃 코드	2025-05-09T20:50:25.8196981Z Resolving deltas:  68% (889/1306)
push	체크아웃 코드	2025-05-09T20:50:25.8197531Z Resolving deltas:  69% (903/1306)
push	체크아웃 코드	2025-05-09T20:50:25.8198114Z Resolving deltas:  70% (915/1306)
push	체크아웃 코드	2025-05-09T20:50:25.8200542Z Resolving deltas:  71% (928/1306)
push	체크아웃 코드	2025-05-09T20:50:25.8202847Z Resolving deltas:  72% (941/1306)
push	체크아웃 코드	2025-05-09T20:50:25.8203539Z Resolving deltas:  73% (954/1306)
push	체크아웃 코드	2025-05-09T20:50:25.8205715Z Resolving deltas:  74% (967/1306)
push	체크아웃 코드	2025-05-09T20:50:25.8207670Z Resolving deltas:  75% (980/1306)
push	체크아웃 코드	2025-05-09T20:50:25.8210946Z Resolving deltas:  76% (993/1306)
push	체크아웃 코드	2025-05-09T20:50:25.8212895Z Resolving deltas:  77% (1006/1306)
push	체크아웃 코드	2025-05-09T20:50:25.8214916Z Resolving deltas:  78% (1019/1306)
push	체크아웃 코드	2025-05-09T20:50:25.8216929Z Resolving deltas:  79% (1032/1306)
push	체크아웃 코드	2025-05-09T20:50:25.8218874Z Resolving deltas:  80% (1045/1306)
push	체크아웃 코드	2025-05-09T20:50:25.8221136Z Resolving deltas:  81% (1058/1306)
push	체크아웃 코드	2025-05-09T20:50:25.8223289Z Resolving deltas:  82% (1071/1306)
push	체크아웃 코드	2025-05-09T20:50:25.8224494Z Resolving deltas:  83% (1085/1306)
push	체크아웃 코드	2025-05-09T20:50:25.8226059Z Resolving deltas:  84% (1098/1306)
push	체크아웃 코드	2025-05-09T20:50:25.8228260Z Resolving deltas:  85% (1111/1306)
push	체크아웃 코드	2025-05-09T20:50:25.8231157Z Resolving deltas:  86% (1124/1306)
push	체크아웃 코드	2025-05-09T20:50:25.8235115Z Resolving deltas:  87% (1138/1306)
push	체크아웃 코드	2025-05-09T20:50:25.8239423Z Resolving deltas:  88% (1151/1306)
push	체크아웃 코드	2025-05-09T20:50:25.8244875Z Resolving deltas:  89% (1163/1306)
push	체크아웃 코드	2025-05-09T20:50:25.8248141Z Resolving deltas:  90% (1176/1306)
push	체크아웃 코드	2025-05-09T20:50:25.8251627Z Resolving deltas:  91% (1189/1306)
push	체크아웃 코드	2025-05-09T20:50:25.8254862Z Resolving deltas:  92% (1202/1306)
push	체크아웃 코드	2025-05-09T20:50:25.8258371Z Resolving deltas:  93% (1215/1306)
push	체크아웃 코드	2025-05-09T20:50:25.8260802Z Resolving deltas:  94% (1228/1306)
push	체크아웃 코드	2025-05-09T20:50:25.8267140Z Resolving deltas:  95% (1241/1306)
push	체크아웃 코드	2025-05-09T20:50:25.8271182Z Resolving deltas:  96% (1254/1306)
push	체크아웃 코드	2025-05-09T20:50:25.8277228Z Resolving deltas:  97% (1267/1306)
push	체크아웃 코드	2025-05-09T20:50:25.8283698Z Resolving deltas:  98% (1280/1306)
push	체크아웃 코드	2025-05-09T20:50:25.9921767Z Resolving deltas:  99% (1293/1306)
push	체크아웃 코드	2025-05-09T20:50:25.9922841Z Resolving deltas: 100% (1306/1306)
push	체크아웃 코드	2025-05-09T20:50:25.9923236Z Resolving deltas: 100% (1306/1306), done.
push	체크아웃 코드	2025-05-09T20:50:26.0857768Z From https://github.com/scho2824/hongik-jiki
push	체크아웃 코드	2025-05-09T20:50:26.0858540Z  * [new branch]      main       -> origin/main
push	체크아웃 코드	2025-05-09T20:50:26.0892176Z [command]/usr/bin/git branch --list --remote origin/main
push	체크아웃 코드	2025-05-09T20:50:26.0912788Z   origin/main
push	체크아웃 코드	2025-05-09T20:50:26.0920942Z [command]/usr/bin/git rev-parse refs/remotes/origin/main
push	체크아웃 코드	2025-05-09T20:50:26.0939348Z 7ef74cf93c7a53f153bb343fb7da20161dc4cf26
push	체크아웃 코드	2025-05-09T20:50:26.0944920Z ##[endgroup]
push	체크아웃 코드	2025-05-09T20:50:26.0945563Z ##[group]Determining the checkout info
push	체크아웃 코드	2025-05-09T20:50:26.0946105Z ##[endgroup]
push	체크아웃 코드	2025-05-09T20:50:26.0946633Z ##[group]Checking out the ref
push	체크아웃 코드	2025-05-09T20:50:26.0950298Z [command]/usr/bin/git checkout --progress --force -B main refs/remotes/origin/main
push	체크아웃 코드	2025-05-09T20:50:26.8418770Z Switched to a new branch 'main'
push	체크아웃 코드	2025-05-09T20:50:26.8420400Z branch 'main' set up to track 'origin/main'.
push	체크아웃 코드	2025-05-09T20:50:26.8445702Z ##[endgroup]
push	체크아웃 코드	2025-05-09T20:50:26.8482938Z [command]/usr/bin/git log -1 --format='%H'
push	체크아웃 코드	2025-05-09T20:50:26.8505400Z '7ef74cf93c7a53f153bb343fb7da20161dc4cf26'
push	Push high_insight_qa_dataset.json	﻿2025-05-09T20:50:26.8732028Z ##[group]Run git add data/qa/high_insight_qa_dataset.json
push	Push high_insight_qa_dataset.json	2025-05-09T20:50:26.8732479Z [36;1mgit add data/qa/high_insight_qa_dataset.json[0m
push	Push high_insight_qa_dataset.json	2025-05-09T20:50:26.8732979Z [36;1mgit diff --cached --quiet || git commit -m "chore: update high_insight_qa_dataset.json [skip ci]"[0m
push	Push high_insight_qa_dataset.json	2025-05-09T20:50:26.8733460Z [36;1mgit push[0m
push	Push high_insight_qa_dataset.json	2025-05-09T20:50:26.8761596Z shell: /usr/bin/bash -e {0}
push	Push high_insight_qa_dataset.json	2025-05-09T20:50:26.8761837Z ##[endgroup]
push	Push high_insight_qa_dataset.json	2025-05-09T20:50:27.5808596Z Everything up-to-date
push	Post 체크아웃 코드	﻿2025-05-09T20:50:27.5914032Z Post job cleanup.
push	Post 체크아웃 코드	2025-05-09T20:50:27.6631884Z [command]/usr/bin/git version
push	Post 체크아웃 코드	2025-05-09T20:50:27.6668430Z git version 2.49.0
push	Post 체크아웃 코드	2025-05-09T20:50:27.6712924Z Temporarily overriding HOME='/home/runner/work/_temp/97f3615e-6c42-4338-91a8-3bc231106235' before making global git config changes
push	Post 체크아웃 코드	2025-05-09T20:50:27.6714227Z Adding repository directory to the temporary git global config as a safe directory
push	Post 체크아웃 코드	2025-05-09T20:50:27.6717159Z [command]/usr/bin/git config --global --add safe.directory /home/runner/work/hongik-jiki/hongik-jiki
push	Post 체크아웃 코드	2025-05-09T20:50:27.6748844Z [command]/usr/bin/git config --local --name-only --get-regexp core\.sshCommand
push	Post 체크아웃 코드	2025-05-09T20:50:27.6777382Z [command]/usr/bin/git submodule foreach --recursive sh -c "git config --local --name-only --get-regexp 'core\.sshCommand' && git config --local --unset-all 'core.sshCommand' || :"
push	Post 체크아웃 코드	2025-05-09T20:50:27.7023430Z [command]/usr/bin/git config --local --name-only --get-regexp http\.https\:\/\/github\.com\/\.extraheader
push	Post 체크아웃 코드	2025-05-09T20:50:27.7043210Z http.https://github.com/.extraheader
push	Post 체크아웃 코드	2025-05-09T20:50:27.7054192Z [command]/usr/bin/git config --local --unset-all http.https://github.com/.extraheader
push	Post 체크아웃 코드	2025-05-09T20:50:27.7082298Z [command]/usr/bin/git submodule foreach --recursive sh -c "git config --local --name-only --get-regexp 'http\.https\:\/\/github\.com\/\.extraheader' && git config --local --unset-all 'http.https://github.com/.extraheader' || :"
push	Complete job	﻿2025-05-09T20:50:27.7424128Z Cleaning up orphan processes
